[20090907 13:55:51] [ERROR] Problem loading toolbox '/WEB-INF/toolbox.xml' : java.lang.reflect.InvocationTargetException
[20090907 13:55:51] [ERROR] java.lang.reflect.InvocationTargetException
	at org.apache.commons.digester.Digester.createSAXException(Digester.java:2540)
	at org.apache.commons.digester.Digester.createSAXException(Digester.java:2566)
	at org.apache.commons.digester.Digester.endElement(Digester.java:1061)
	at org.apache.xerces.parsers.AbstractSAXParser.endElement(Unknown Source)
	at org.apache.xerces.impl.XMLDocumentFragmentScannerImpl.scanEndElement(Unknown Source)
	at org.apache.xerces.impl.XMLDocumentFragmentScannerImpl$FragmentContentDispatcher.dispatch(Unknown Source)
	at org.apache.xerces.impl.XMLDocumentFragmentScannerImpl.scanDocument(Unknown Source)
	at org.apache.xerces.parsers.XML11Configuration.parse(Unknown Source)
	at org.apache.xerces.parsers.XML11Configuration.parse(Unknown Source)
	at org.apache.xerces.parsers.XMLParser.parse(Unknown Source)
	at org.apache.xerces.parsers.AbstractSAXParser.parse(Unknown Source)
	at org.apache.commons.digester.Digester.parse(Digester.java:1567)
	at org.apache.velocity.tools.view.XMLToolboxManager.load(Unknown Source)
	at org.apache.velocity.tools.view.servlet.ServletToolboxManager.getInstance(Unknown Source)
	at org.apache.velocity.tools.view.servlet.VelocityViewServlet.initToolbox(Unknown Source)
	at org.apache.velocity.tools.view.servlet.VelocityViewServlet.init(Unknown Source)
	at org.apache.catalina.core.StandardWrapper.loadServlet(StandardWrapper.java:1029)
	at org.apache.catalina.core.StandardWrapper.load(StandardWrapper.java:862)
	at org.apache.catalina.core.StandardContext.loadOnStartup(StandardContext.java:4013)
	at org.apache.catalina.core.StandardContext.start(StandardContext.java:4357)
	at org.apache.catalina.core.ContainerBase.start(ContainerBase.java:1083)
	at org.apache.catalina.core.StandardHost.start(StandardHost.java:789)
	at org.apache.catalina.core.ContainerBase.start(ContainerBase.java:1083)
	at org.apache.catalina.core.StandardEngine.start(StandardEngine.java:478)
	at org.apache.catalina.core.StandardService.start(StandardService.java:480)
	at org.apache.catalina.core.StandardServer.start(StandardServer.java:2313)
	at org.apache.catalina.startup.Catalina.start(Catalina.java:556)
	at sun.reflect.NativeMethodAccessorImpl.invoke0(Native Method)
	at sun.reflect.NativeMethodAccessorImpl.invoke(NativeMethodAccessorImpl.java:39)
	at sun.reflect.DelegatingMethodAccessorImpl.invoke(DelegatingMethodAccessorImpl.java:25)
	at java.lang.reflect.Method.invoke(Method.java:597)
	at org.apache.catalina.startup.Bootstrap.start(Bootstrap.java:287)
	at org.apache.catalina.startup.Bootstrap.main(Bootstrap.java:425)

[20090907 13:57:27] [ERROR] Problem loading toolbox '/WEB-INF/toolbox.xml' : java.lang.reflect.InvocationTargetException
[20090907 13:57:27] [ERROR] java.lang.reflect.InvocationTargetException
	at org.apache.commons.digester.Digester.createSAXException(Digester.java:2540)
	at org.apache.commons.digester.Digester.createSAXException(Digester.java:2566)
	at org.apache.commons.digester.Digester.endElement(Digester.java:1061)
	at org.apache.xerces.parsers.AbstractSAXParser.endElement(Unknown Source)
	at org.apache.xerces.impl.XMLDocumentFragmentScannerImpl.scanEndElement(Unknown Source)
	at org.apache.xerces.impl.XMLDocumentFragmentScannerImpl$FragmentContentDispatcher.dispatch(Unknown Source)
	at org.apache.xerces.impl.XMLDocumentFragmentScannerImpl.scanDocument(Unknown Source)
	at org.apache.xerces.parsers.XML11Configuration.parse(Unknown Source)
	at org.apache.xerces.parsers.XML11Configuration.parse(Unknown Source)
	at org.apache.xerces.parsers.XMLParser.parse(Unknown Source)
	at org.apache.xerces.parsers.AbstractSAXParser.parse(Unknown Source)
	at org.apache.commons.digester.Digester.parse(Digester.java:1567)
	at org.apache.velocity.tools.view.XMLToolboxManager.load(Unknown Source)
	at org.apache.velocity.tools.view.servlet.ServletToolboxManager.getInstance(Unknown Source)
	at org.apache.velocity.tools.view.servlet.VelocityViewServlet.initToolbox(Unknown Source)
	at org.apache.velocity.tools.view.servlet.VelocityViewServlet.init(Unknown Source)
	at org.apache.catalina.core.StandardWrapper.loadServlet(StandardWrapper.java:1029)
	at org.apache.catalina.core.StandardWrapper.load(StandardWrapper.java:862)
	at org.apache.catalina.core.StandardContext.loadOnStartup(StandardContext.java:4013)
	at org.apache.catalina.core.StandardContext.start(StandardContext.java:4357)
	at org.apache.catalina.core.ContainerBase.start(ContainerBase.java:1083)
	at org.apache.catalina.core.StandardHost.start(StandardHost.java:789)
	at org.apache.catalina.core.ContainerBase.start(ContainerBase.java:1083)
	at org.apache.catalina.core.StandardEngine.start(StandardEngine.java:478)
	at org.apache.catalina.core.StandardService.start(StandardService.java:480)
	at org.apache.catalina.core.StandardServer.start(StandardServer.java:2313)
	at org.apache.catalina.startup.Catalina.start(Catalina.java:556)
	at sun.reflect.NativeMethodAccessorImpl.invoke0(Native Method)
	at sun.reflect.NativeMethodAccessorImpl.invoke(NativeMethodAccessorImpl.java:39)
	at sun.reflect.DelegatingMethodAccessorImpl.invoke(DelegatingMethodAccessorImpl.java:25)
	at java.lang.reflect.Method.invoke(Method.java:597)
	at org.apache.catalina.startup.Bootstrap.start(Bootstrap.java:287)
	at org.apache.catalina.startup.Bootstrap.main(Bootstrap.java:425)

[20090907 14:02:25] [ERROR] Problem loading toolbox '/WEB-INF/toolbox.xml' : java.lang.reflect.InvocationTargetException
[20090907 14:02:25] [ERROR] java.lang.reflect.InvocationTargetException
	at org.apache.commons.digester.Digester.createSAXException(Digester.java:2540)
	at org.apache.commons.digester.Digester.createSAXException(Digester.java:2566)
	at org.apache.commons.digester.Digester.endElement(Digester.java:1061)
	at org.apache.xerces.parsers.AbstractSAXParser.endElement(Unknown Source)
	at org.apache.xerces.impl.XMLDocumentFragmentScannerImpl.scanEndElement(Unknown Source)
	at org.apache.xerces.impl.XMLDocumentFragmentScannerImpl$FragmentContentDispatcher.dispatch(Unknown Source)
	at org.apache.xerces.impl.XMLDocumentFragmentScannerImpl.scanDocument(Unknown Source)
	at org.apache.xerces.parsers.XML11Configuration.parse(Unknown Source)
	at org.apache.xerces.parsers.XML11Configuration.parse(Unknown Source)
	at org.apache.xerces.parsers.XMLParser.parse(Unknown Source)
	at org.apache.xerces.parsers.AbstractSAXParser.parse(Unknown Source)
	at org.apache.commons.digester.Digester.parse(Digester.java:1567)
	at org.apache.velocity.tools.view.XMLToolboxManager.load(Unknown Source)
	at org.apache.velocity.tools.view.servlet.ServletToolboxManager.getInstance(Unknown Source)
	at org.apache.velocity.tools.view.servlet.VelocityViewServlet.initToolbox(Unknown Source)
	at org.apache.velocity.tools.view.servlet.VelocityViewServlet.init(Unknown Source)
	at org.apache.catalina.core.StandardWrapper.loadServlet(StandardWrapper.java:1029)
	at org.apache.catalina.core.StandardWrapper.load(StandardWrapper.java:862)
	at org.apache.catalina.core.StandardContext.loadOnStartup(StandardContext.java:4013)
	at org.apache.catalina.core.StandardContext.start(StandardContext.java:4357)
	at org.apache.catalina.core.ContainerBase.start(ContainerBase.java:1083)
	at org.apache.catalina.core.StandardHost.start(StandardHost.java:789)
	at org.apache.catalina.core.ContainerBase.start(ContainerBase.java:1083)
	at org.apache.catalina.core.StandardEngine.start(StandardEngine.java:478)
	at org.apache.catalina.core.StandardService.start(StandardService.java:480)
	at org.apache.catalina.core.StandardServer.start(StandardServer.java:2313)
	at org.apache.catalina.startup.Catalina.start(Catalina.java:556)
	at sun.reflect.NativeMethodAccessorImpl.invoke0(Native Method)
	at sun.reflect.NativeMethodAccessorImpl.invoke(NativeMethodAccessorImpl.java:39)
	at sun.reflect.DelegatingMethodAccessorImpl.invoke(DelegatingMethodAccessorImpl.java:25)
	at java.lang.reflect.Method.invoke(Method.java:597)
	at org.apache.catalina.startup.Bootstrap.start(Bootstrap.java:287)
	at org.apache.catalina.startup.Bootstrap.main(Bootstrap.java:425)

[20090907 14:03:25] [ERROR] Problem loading toolbox '/WEB-INF/toolbox.xml' : java.lang.reflect.InvocationTargetException
[20090907 14:03:25] [ERROR] java.lang.reflect.InvocationTargetException
	at org.apache.commons.digester.Digester.createSAXException(Digester.java:2540)
	at org.apache.commons.digester.Digester.createSAXException(Digester.java:2566)
	at org.apache.commons.digester.Digester.endElement(Digester.java:1061)
	at org.apache.xerces.parsers.AbstractSAXParser.endElement(Unknown Source)
	at org.apache.xerces.impl.XMLDocumentFragmentScannerImpl.scanEndElement(Unknown Source)
	at org.apache.xerces.impl.XMLDocumentFragmentScannerImpl$FragmentContentDispatcher.dispatch(Unknown Source)
	at org.apache.xerces.impl.XMLDocumentFragmentScannerImpl.scanDocument(Unknown Source)
	at org.apache.xerces.parsers.XML11Configuration.parse(Unknown Source)
	at org.apache.xerces.parsers.XML11Configuration.parse(Unknown Source)
	at org.apache.xerces.parsers.XMLParser.parse(Unknown Source)
	at org.apache.xerces.parsers.AbstractSAXParser.parse(Unknown Source)
	at org.apache.commons.digester.Digester.parse(Digester.java:1567)
	at org.apache.velocity.tools.view.XMLToolboxManager.load(Unknown Source)
	at org.apache.velocity.tools.view.servlet.ServletToolboxManager.getInstance(Unknown Source)
	at org.apache.velocity.tools.view.servlet.VelocityViewServlet.initToolbox(Unknown Source)
	at org.apache.velocity.tools.view.servlet.VelocityViewServlet.init(Unknown Source)
	at org.apache.catalina.core.StandardWrapper.loadServlet(StandardWrapper.java:1029)
	at org.apache.catalina.core.StandardWrapper.load(StandardWrapper.java:862)
	at org.apache.catalina.core.StandardContext.loadOnStartup(StandardContext.java:4013)
	at org.apache.catalina.core.StandardContext.start(StandardContext.java:4357)
	at org.apache.catalina.core.ContainerBase.start(ContainerBase.java:1083)
	at org.apache.catalina.core.StandardHost.start(StandardHost.java:789)
	at org.apache.catalina.core.ContainerBase.start(ContainerBase.java:1083)
	at org.apache.catalina.core.StandardEngine.start(StandardEngine.java:478)
	at org.apache.catalina.core.StandardService.start(StandardService.java:480)
	at org.apache.catalina.core.StandardServer.start(StandardServer.java:2313)
	at org.apache.catalina.startup.Catalina.start(Catalina.java:556)
	at sun.reflect.NativeMethodAccessorImpl.invoke0(Native Method)
	at sun.reflect.NativeMethodAccessorImpl.invoke(NativeMethodAccessorImpl.java:39)
	at sun.reflect.DelegatingMethodAccessorImpl.invoke(DelegatingMethodAccessorImpl.java:25)
	at java.lang.reflect.Method.invoke(Method.java:597)
	at org.apache.catalina.startup.Bootstrap.start(Bootstrap.java:287)
	at org.apache.catalina.startup.Bootstrap.main(Bootstrap.java:425)

[20090907 14:04:35] [ERROR] Problem loading toolbox '/WEB-INF/toolbox.xml' : java.lang.reflect.InvocationTargetException
[20090907 14:04:35] [ERROR] java.lang.reflect.InvocationTargetException
	at org.apache.commons.digester.Digester.createSAXException(Digester.java:2540)
	at org.apache.commons.digester.Digester.createSAXException(Digester.java:2566)
	at org.apache.commons.digester.Digester.endElement(Digester.java:1061)
	at org.apache.xerces.parsers.AbstractSAXParser.endElement(Unknown Source)
	at org.apache.xerces.impl.XMLDocumentFragmentScannerImpl.scanEndElement(Unknown Source)
	at org.apache.xerces.impl.XMLDocumentFragmentScannerImpl$FragmentContentDispatcher.dispatch(Unknown Source)
	at org.apache.xerces.impl.XMLDocumentFragmentScannerImpl.scanDocument(Unknown Source)
	at org.apache.xerces.parsers.XML11Configuration.parse(Unknown Source)
	at org.apache.xerces.parsers.XML11Configuration.parse(Unknown Source)
	at org.apache.xerces.parsers.XMLParser.parse(Unknown Source)
	at org.apache.xerces.parsers.AbstractSAXParser.parse(Unknown Source)
	at org.apache.commons.digester.Digester.parse(Digester.java:1567)
	at org.apache.velocity.tools.view.XMLToolboxManager.load(Unknown Source)
	at org.apache.velocity.tools.view.servlet.ServletToolboxManager.getInstance(Unknown Source)
	at org.apache.velocity.tools.view.servlet.VelocityViewServlet.initToolbox(Unknown Source)
	at org.apache.velocity.tools.view.servlet.VelocityViewServlet.init(Unknown Source)
	at org.apache.catalina.core.StandardWrapper.loadServlet(StandardWrapper.java:1029)
	at org.apache.catalina.core.StandardWrapper.load(StandardWrapper.java:862)
	at org.apache.catalina.core.StandardContext.loadOnStartup(StandardContext.java:4013)
	at org.apache.catalina.core.StandardContext.start(StandardContext.java:4357)
	at org.apache.catalina.core.ContainerBase.start(ContainerBase.java:1083)
	at org.apache.catalina.core.StandardHost.start(StandardHost.java:789)
	at org.apache.catalina.core.ContainerBase.start(ContainerBase.java:1083)
	at org.apache.catalina.core.StandardEngine.start(StandardEngine.java:478)
	at org.apache.catalina.core.StandardService.start(StandardService.java:480)
	at org.apache.catalina.core.StandardServer.start(StandardServer.java:2313)
	at org.apache.catalina.startup.Catalina.start(Catalina.java:556)
	at sun.reflect.NativeMethodAccessorImpl.invoke0(Native Method)
	at sun.reflect.NativeMethodAccessorImpl.invoke(NativeMethodAccessorImpl.java:39)
	at sun.reflect.DelegatingMethodAccessorImpl.invoke(DelegatingMethodAccessorImpl.java:25)
	at java.lang.reflect.Method.invoke(Method.java:597)
	at org.apache.catalina.startup.Bootstrap.start(Bootstrap.java:287)
	at org.apache.catalina.startup.Bootstrap.main(Bootstrap.java:425)

